<?xml version="1.0" encoding="UTF-8"?>
<!-- Generated by org.testng.reporters.JUnitXMLReporter -->
<testsuite ignored="0" hostname="LM0001778" failures="1" tests="8" name="Free CRM" time="150.277" errors="0" timestamp="2021-12-26T22:55:01 IST">
  <testcase classname="com.qa.freeCRM.TestCases.HomePageTest" name="verifyHomePageTitleTest" time="0.036">
    <skipped/>
  </testcase> <!-- verifyHomePageTitleTest -->
  <testcase classname="com.qa.freeCRM.TestCases.HomePageTest" name="verifyHomePageTitleTest" time="0.033">
    <skipped/>
  </testcase> <!-- verifyHomePageTitleTest -->
  <testcase classname="com.qa.freeCRM.TestCases.HomePageTest" name="verifyHomePageTitleTest" time="0.029">
    <failure type="java.lang.AssertionError" message="expected [Cogmen to CRM] but found [Online Shopping site in India: Shop Online for Mobiles, Books, Watches, Shoes and More - Amazon.in]">
      <![CDATA[java.lang.AssertionError: expected [Cogmen to CRM] but found [Online Shopping site in India: Shop Online for Mobiles, Books, Watches, Shoes and More - Amazon.in]
at com.qa.freeCRM.TestCases.HomePageTest.verifyHomePageTitleTest(HomePageTest.java:35)
at java.base/java.util.ArrayList.forEach(ArrayList.java:1511)
... Removed 33 stack frames]]>
    </failure>
  </testcase> <!-- verifyHomePageTitleTest -->
  <testcase classname="com.qa.freeCRM.TestCases.HomePageTest" name="verifyUserNameTest" time="0.057"/>
  <testcase classname="com.qa.freeCRM.TestCases.HomePageTest" name="clickOnCart" time="2.628"/>
  <testcase classname="com.qa.freeCRM.TestCases.CartPageTest" name="cartItemPresentCheck" time="30.061">
    <skipped/>
  </testcase> <!-- cartItemPresentCheck -->
  <testcase classname="com.qa.freeCRM.TestCases.CartPageTest" name="cartItemPresentCheck" time="0.032"/>
  <testcase classname="com.qa.freeCRM.TestCases.CartPageTest" name="removeitemTest" time="0.785"/>
</testsuite> <!-- Free CRM -->
