<?xml version="1.0" encoding="UTF-8"?>
<testng-results ignored="0" total="2" passed="2" failed="0" skipped="0">
  <reporter-output>
  </reporter-output>
  <suite started-at="2021-07-30T16:09:24 IST" name="Surefire suite" finished-at="2021-07-30T16:09:24 IST" duration-ms="25">
    <groups>
    </groups>
    <test started-at="2021-07-30T16:09:24 IST" name="Surefire test" finished-at="2021-07-30T16:09:24 IST" duration-ms="25">
      <class name="TestDiv.TestSum">
        <test-method signature="printOne()[pri:0, instance:TestDiv.TestSum@467aecef]" started-at="2021-07-30T16:09:24 IST" name="printOne" finished-at="2021-07-30T16:09:24 IST" duration-ms="2" status="PASS">
          <reporter-output>
          </reporter-output>
        </test-method> <!-- printOne -->
      </class> <!-- TestDiv.TestSum -->
      <class name="TestDiv.TestDiv">
        <test-method signature="printOne()[pri:0, instance:TestDiv.TestDiv@32d2fa64]" started-at="2021-07-30T16:09:24 IST" name="printOne" finished-at="2021-07-30T16:09:24 IST" duration-ms="0" status="PASS">
          <reporter-output>
          </reporter-output>
        </test-method> <!-- printOne -->
      </class> <!-- TestDiv.TestDiv -->
    </test> <!-- Surefire test -->
  </suite> <!-- Surefire suite -->
</testng-results>
